2013-05-05 18:33:33,668 ERROR [main] - System.err - [ch.epfl.insynth] error can't determine modifiers of missing type org.eclipse.jdt.internal.junit.launcher.TestKind
when processing type mungers ch.epfl.insynth.core.completion.InsynthCompletionProposalComputer
when processing type mungers 
when weaving 
 [Xlint:cantFindType]
2013-05-05 18:33:33,680 ERROR [main] - System.err - [ch.epfl.insynth] error can't determine modifiers of missing type org.eclipse.ui.wizards.datatransfer.IImportStructureProvider
when processing type mungers ch.epfl.insynth.core.completion.InsynthCompletionProposalComputer
when processing type mungers 
when weaving 
 [Xlint:cantFindType]
2013-05-05 18:33:33,681 ERROR [main] - System.err - [ch.epfl.insynth] error can't determine modifiers of missing type org.eclipse.jdt.internal.debug.ui.JDIModelPresentation
when processing type mungers ch.epfl.insynth.core.completion.InsynthCompletionProposalComputer
when processing type mungers 
when weaving 
 [Xlint:cantFindType]
2013-05-05 18:33:33,681 ERROR [main] - System.err - [ch.epfl.insynth] error can't determine modifiers of missing type org.eclipse.jdt.internal.debug.ui.BreakpointMarkerUpdater
when processing type mungers ch.epfl.insynth.core.completion.InsynthCompletionProposalComputer
when processing type mungers 
when weaving 
 [Xlint:cantFindType]
2013-05-05 18:33:33,682 ERROR [main] - System.err - [ch.epfl.insynth] error can't determine modifiers of missing type org.eclipse.jdt.junit.launcher.JUnitLaunchConfigurationTab
when weaving type ch.epfl.insynth.core.completion.InsynthCompletionProposalComputer
when weaving classes 
when weaving 
 [Xlint:cantFindType]
2013-05-05 18:33:33,683 ERROR [main] - System.err - [ch.epfl.insynth] error can't determine modifiers of missing type org.eclipse.debug.core.sourcelookup.AbstractSourceLookupDirector
when weaving type ch.epfl.insynth.core.completion.InsynthCompletionProposalComputer
when weaving classes 
when weaving 
 [Xlint:cantFindType]
2013-05-05 18:33:33,684 ERROR [main] - System.err - [ch.epfl.insynth] error can't determine modifiers of missing type org.eclipse.pde.internal.ui.wizards.imports.PluginImportHelper
when weaving type ch.epfl.insynth.core.completion.InsynthCompletionProposalComputer
when weaving classes 
when weaving 
 [Xlint:cantFindType]
2013-05-05 18:33:33,684 ERROR [main] - System.err - [ch.epfl.insynth] error can't determine modifiers of missing type org.eclipse.jdt.internal.debug.ui.JDIModelPresentation
when weaving type ch.epfl.insynth.core.completion.InsynthCompletionProposalComputer
when weaving classes 
when weaving 
 [Xlint:cantFindType]
2013-05-05 18:33:33,684 ERROR [main] - System.err - [ch.epfl.insynth] error can't determine modifiers of missing type org.eclipse.jdt.internal.debug.ui.BreakpointMarkerUpdater
when weaving type ch.epfl.insynth.core.completion.InsynthCompletionProposalComputer
when weaving classes 
when weaving 
 [Xlint:cantFindType]
2013-05-05 18:33:33,685 ERROR [main] - System.err - [ch.epfl.insynth] error can't determine modifiers of missing type org.eclipse.jdt.internal.launching.JavaLaunchableTester
when weaving type ch.epfl.insynth.core.completion.InsynthCompletionProposalComputer
when weaving classes 
when weaving 
 [Xlint:cantFindType]
2013-05-05 18:33:33,685 ERROR [main] - System.err - [ch.epfl.insynth] error can't determine modifiers of missing type org.eclipse.jdt.internal.launching.JavaLaunchableTester
when weaving type ch.epfl.insynth.core.completion.InsynthCompletionProposalComputer
when weaving classes 
when weaving 
 [Xlint:cantFindType]
2013-05-05 18:48:09,853 ERROR [main] - System.err - [ch.epfl.insynth] error can't determine modifiers of missing type org.eclipse.jdt.internal.junit.launcher.TestKind
when processing type mungers ch.epfl.insynth.core.completion.InsynthCompletionProposalComputer
when processing type mungers 
when weaving 
 [Xlint:cantFindType]
2013-05-05 18:48:09,854 ERROR [main] - System.err - [ch.epfl.insynth] error can't determine modifiers of missing type org.eclipse.ui.wizards.datatransfer.IImportStructureProvider
when processing type mungers ch.epfl.insynth.core.completion.InsynthCompletionProposalComputer
when processing type mungers 
when weaving 
 [Xlint:cantFindType]
2013-05-05 18:48:09,855 ERROR [main] - System.err - [ch.epfl.insynth] error can't determine modifiers of missing type org.eclipse.jdt.internal.debug.ui.JDIModelPresentation
when processing type mungers ch.epfl.insynth.core.completion.InsynthCompletionProposalComputer
when processing type mungers 
when weaving 
 [Xlint:cantFindType]
2013-05-05 18:48:09,855 ERROR [main] - System.err - [ch.epfl.insynth] error can't determine modifiers of missing type org.eclipse.jdt.internal.debug.ui.BreakpointMarkerUpdater
when processing type mungers ch.epfl.insynth.core.completion.InsynthCompletionProposalComputer
when processing type mungers 
when weaving 
 [Xlint:cantFindType]
2013-05-05 18:48:09,856 ERROR [main] - System.err - [ch.epfl.insynth] error can't determine modifiers of missing type org.eclipse.jdt.junit.launcher.JUnitLaunchConfigurationTab
when weaving type ch.epfl.insynth.core.completion.InsynthCompletionProposalComputer
when weaving classes 
when weaving 
 [Xlint:cantFindType]
2013-05-05 18:48:09,857 ERROR [main] - System.err - [ch.epfl.insynth] error can't determine modifiers of missing type org.eclipse.debug.core.sourcelookup.AbstractSourceLookupDirector
when weaving type ch.epfl.insynth.core.completion.InsynthCompletionProposalComputer
when weaving classes 
when weaving 
 [Xlint:cantFindType]
2013-05-05 18:48:09,857 ERROR [main] - System.err - [ch.epfl.insynth] error can't determine modifiers of missing type org.eclipse.pde.internal.ui.wizards.imports.PluginImportHelper
when weaving type ch.epfl.insynth.core.completion.InsynthCompletionProposalComputer
when weaving classes 
when weaving 
 [Xlint:cantFindType]
2013-05-05 18:48:09,858 ERROR [main] - System.err - [ch.epfl.insynth] error can't determine modifiers of missing type org.eclipse.jdt.internal.debug.ui.JDIModelPresentation
when weaving type ch.epfl.insynth.core.completion.InsynthCompletionProposalComputer
when weaving classes 
when weaving 
 [Xlint:cantFindType]
2013-05-05 18:48:09,858 ERROR [main] - System.err - [ch.epfl.insynth] error can't determine modifiers of missing type org.eclipse.jdt.internal.debug.ui.BreakpointMarkerUpdater
when weaving type ch.epfl.insynth.core.completion.InsynthCompletionProposalComputer
when weaving classes 
when weaving 
 [Xlint:cantFindType]
2013-05-05 18:48:09,858 ERROR [main] - System.err - [ch.epfl.insynth] error can't determine modifiers of missing type org.eclipse.jdt.internal.launching.JavaLaunchableTester
when weaving type ch.epfl.insynth.core.completion.InsynthCompletionProposalComputer
when weaving classes 
when weaving 
 [Xlint:cantFindType]
2013-05-05 18:48:09,858 ERROR [main] - System.err - [ch.epfl.insynth] error can't determine modifiers of missing type org.eclipse.jdt.internal.launching.JavaLaunchableTester
when weaving type ch.epfl.insynth.core.completion.InsynthCompletionProposalComputer
when weaving classes 
when weaving 
 [Xlint:cantFindType]
2013-05-06 20:16:52,818 ERROR [main] - System.err - [ch.epfl.insynth] error can't determine modifiers of missing type org.eclipse.jdt.internal.junit.launcher.TestKind
when processing type mungers ch.epfl.insynth.core.completion.InsynthCompletionProposalComputer
when processing type mungers 
when weaving 
 [Xlint:cantFindType]
2013-05-06 20:16:52,838 ERROR [main] - System.err - [ch.epfl.insynth] error can't determine modifiers of missing type org.eclipse.ui.wizards.datatransfer.IImportStructureProvider
when processing type mungers ch.epfl.insynth.core.completion.InsynthCompletionProposalComputer
when processing type mungers 
when weaving 
 [Xlint:cantFindType]
2013-05-06 20:16:52,839 ERROR [main] - System.err - [ch.epfl.insynth] error can't determine modifiers of missing type org.eclipse.jdt.internal.debug.ui.JDIModelPresentation
when processing type mungers ch.epfl.insynth.core.completion.InsynthCompletionProposalComputer
when processing type mungers 
when weaving 
 [Xlint:cantFindType]
2013-05-06 20:16:52,840 ERROR [main] - System.err - [ch.epfl.insynth] error can't determine modifiers of missing type org.eclipse.jdt.internal.debug.ui.BreakpointMarkerUpdater
when processing type mungers ch.epfl.insynth.core.completion.InsynthCompletionProposalComputer
when processing type mungers 
when weaving 
 [Xlint:cantFindType]
2013-05-06 20:16:52,841 ERROR [main] - System.err - [ch.epfl.insynth] error can't determine modifiers of missing type org.eclipse.jdt.junit.launcher.JUnitLaunchConfigurationTab
when weaving type ch.epfl.insynth.core.completion.InsynthCompletionProposalComputer
when weaving classes 
when weaving 
 [Xlint:cantFindType]
2013-05-06 20:16:52,841 ERROR [main] - System.err - [ch.epfl.insynth] error can't determine modifiers of missing type org.eclipse.debug.core.sourcelookup.AbstractSourceLookupDirector
when weaving type ch.epfl.insynth.core.completion.InsynthCompletionProposalComputer
when weaving classes 
when weaving 
 [Xlint:cantFindType]
2013-05-06 20:16:52,842 ERROR [main] - System.err - [ch.epfl.insynth] error can't determine modifiers of missing type org.eclipse.pde.internal.ui.wizards.imports.PluginImportHelper
when weaving type ch.epfl.insynth.core.completion.InsynthCompletionProposalComputer
when weaving classes 
when weaving 
 [Xlint:cantFindType]
2013-05-06 20:16:52,843 ERROR [main] - System.err - [ch.epfl.insynth] error can't determine modifiers of missing type org.eclipse.jdt.internal.debug.ui.JDIModelPresentation
when weaving type ch.epfl.insynth.core.completion.InsynthCompletionProposalComputer
when weaving classes 
when weaving 
 [Xlint:cantFindType]
2013-05-06 20:16:52,843 ERROR [main] - System.err - [ch.epfl.insynth] error can't determine modifiers of missing type org.eclipse.jdt.internal.debug.ui.BreakpointMarkerUpdater
when weaving type ch.epfl.insynth.core.completion.InsynthCompletionProposalComputer
when weaving classes 
when weaving 
 [Xlint:cantFindType]
2013-05-06 20:16:52,843 ERROR [main] - System.err - [ch.epfl.insynth] error can't determine modifiers of missing type org.eclipse.jdt.internal.launching.JavaLaunchableTester
when weaving type ch.epfl.insynth.core.completion.InsynthCompletionProposalComputer
when weaving classes 
when weaving 
 [Xlint:cantFindType]
2013-05-06 20:16:52,843 ERROR [main] - System.err - [ch.epfl.insynth] error can't determine modifiers of missing type org.eclipse.jdt.internal.launching.JavaLaunchableTester
when weaving type ch.epfl.insynth.core.completion.InsynthCompletionProposalComputer
when weaving classes 
when weaving 
 [Xlint:cantFindType]
2013-05-08 20:51:20,172 ERROR [main] - System.err - [ch.epfl.insynth] error can't determine modifiers of missing type org.eclipse.jdt.internal.junit.launcher.TestKind
when processing type mungers ch.epfl.insynth.core.completion.InsynthCompletionProposalComputer
when processing type mungers 
when weaving 
 [Xlint:cantFindType]
2013-05-08 20:51:20,187 ERROR [main] - System.err - [ch.epfl.insynth] error can't determine modifiers of missing type org.eclipse.ui.wizards.datatransfer.IImportStructureProvider
when processing type mungers ch.epfl.insynth.core.completion.InsynthCompletionProposalComputer
when processing type mungers 
when weaving 
 [Xlint:cantFindType]
2013-05-08 20:51:20,188 ERROR [main] - System.err - [ch.epfl.insynth] error can't determine modifiers of missing type org.eclipse.jdt.internal.debug.ui.JDIModelPresentation
when processing type mungers ch.epfl.insynth.core.completion.InsynthCompletionProposalComputer
when processing type mungers 
when weaving 
 [Xlint:cantFindType]
2013-05-08 20:51:20,188 ERROR [main] - System.err - [ch.epfl.insynth] error can't determine modifiers of missing type org.eclipse.jdt.internal.debug.ui.BreakpointMarkerUpdater
when processing type mungers ch.epfl.insynth.core.completion.InsynthCompletionProposalComputer
when processing type mungers 
when weaving 
 [Xlint:cantFindType]
2013-05-08 20:51:20,190 ERROR [main] - System.err - [ch.epfl.insynth] error can't determine modifiers of missing type org.eclipse.jdt.junit.launcher.JUnitLaunchConfigurationTab
when weaving type ch.epfl.insynth.core.completion.InsynthCompletionProposalComputer
when weaving classes 
when weaving 
 [Xlint:cantFindType]
2013-05-08 20:51:20,190 ERROR [main] - System.err - [ch.epfl.insynth] error can't determine modifiers of missing type org.eclipse.debug.core.sourcelookup.AbstractSourceLookupDirector
when weaving type ch.epfl.insynth.core.completion.InsynthCompletionProposalComputer
when weaving classes 
when weaving 
 [Xlint:cantFindType]
2013-05-08 20:51:20,191 ERROR [main] - System.err - [ch.epfl.insynth] error can't determine modifiers of missing type org.eclipse.pde.internal.ui.wizards.imports.PluginImportHelper
when weaving type ch.epfl.insynth.core.completion.InsynthCompletionProposalComputer
when weaving classes 
when weaving 
 [Xlint:cantFindType]
2013-05-08 20:51:20,191 ERROR [main] - System.err - [ch.epfl.insynth] error can't determine modifiers of missing type org.eclipse.jdt.internal.debug.ui.JDIModelPresentation
when weaving type ch.epfl.insynth.core.completion.InsynthCompletionProposalComputer
when weaving classes 
when weaving 
 [Xlint:cantFindType]
2013-05-08 20:51:20,191 ERROR [main] - System.err - [ch.epfl.insynth] error can't determine modifiers of missing type org.eclipse.jdt.internal.debug.ui.BreakpointMarkerUpdater
when weaving type ch.epfl.insynth.core.completion.InsynthCompletionProposalComputer
when weaving classes 
when weaving 
 [Xlint:cantFindType]
2013-05-08 20:51:20,192 ERROR [main] - System.err - [ch.epfl.insynth] error can't determine modifiers of missing type org.eclipse.jdt.internal.launching.JavaLaunchableTester
when weaving type ch.epfl.insynth.core.completion.InsynthCompletionProposalComputer
when weaving classes 
when weaving 
 [Xlint:cantFindType]
2013-05-08 20:51:20,192 ERROR [main] - System.err - [ch.epfl.insynth] error can't determine modifiers of missing type org.eclipse.jdt.internal.launching.JavaLaunchableTester
when weaving type ch.epfl.insynth.core.completion.InsynthCompletionProposalComputer
when weaving classes 
when weaving 
 [Xlint:cantFindType]
2013-05-11 12:52:29,672 ERROR [main] - System.err - [ch.epfl.insynth] error can't determine modifiers of missing type org.eclipse.jdt.internal.junit.launcher.TestKind
when processing type mungers ch.epfl.insynth.core.completion.InsynthCompletionProposalComputer
when processing type mungers 
when weaving 
 [Xlint:cantFindType]
2013-05-11 12:52:29,682 ERROR [main] - System.err - [ch.epfl.insynth] error can't determine modifiers of missing type org.eclipse.ui.wizards.datatransfer.IImportStructureProvider
when processing type mungers ch.epfl.insynth.core.completion.InsynthCompletionProposalComputer
when processing type mungers 
when weaving 
 [Xlint:cantFindType]
2013-05-11 12:52:29,683 ERROR [main] - System.err - [ch.epfl.insynth] error can't determine modifiers of missing type org.eclipse.jdt.internal.debug.ui.JDIModelPresentation
when processing type mungers ch.epfl.insynth.core.completion.InsynthCompletionProposalComputer
when processing type mungers 
when weaving 
 [Xlint:cantFindType]
2013-05-11 12:52:29,683 ERROR [main] - System.err - [ch.epfl.insynth] error can't determine modifiers of missing type org.eclipse.jdt.internal.debug.ui.BreakpointMarkerUpdater
when processing type mungers ch.epfl.insynth.core.completion.InsynthCompletionProposalComputer
when processing type mungers 
when weaving 
 [Xlint:cantFindType]
2013-05-11 12:52:29,684 ERROR [main] - System.err - [ch.epfl.insynth] error can't determine modifiers of missing type org.eclipse.jdt.junit.launcher.JUnitLaunchConfigurationTab
when weaving type ch.epfl.insynth.core.completion.InsynthCompletionProposalComputer
when weaving classes 
when weaving 
 [Xlint:cantFindType]
2013-05-11 12:52:29,684 ERROR [main] - System.err - [ch.epfl.insynth] error can't determine modifiers of missing type org.eclipse.debug.core.sourcelookup.AbstractSourceLookupDirector
when weaving type ch.epfl.insynth.core.completion.InsynthCompletionProposalComputer
when weaving classes 
when weaving 
 [Xlint:cantFindType]
2013-05-11 12:52:29,685 ERROR [main] - System.err - [ch.epfl.insynth] error can't determine modifiers of missing type org.eclipse.pde.internal.ui.wizards.imports.PluginImportHelper
when weaving type ch.epfl.insynth.core.completion.InsynthCompletionProposalComputer
when weaving classes 
when weaving 
 [Xlint:cantFindType]
2013-05-11 12:52:29,685 ERROR [main] - System.err - [ch.epfl.insynth] error can't determine modifiers of missing type org.eclipse.jdt.internal.debug.ui.JDIModelPresentation
when weaving type ch.epfl.insynth.core.completion.InsynthCompletionProposalComputer
when weaving classes 
when weaving 
 [Xlint:cantFindType]
2013-05-11 12:52:29,685 ERROR [main] - System.err - [ch.epfl.insynth] error can't determine modifiers of missing type org.eclipse.jdt.internal.debug.ui.BreakpointMarkerUpdater
when weaving type ch.epfl.insynth.core.completion.InsynthCompletionProposalComputer
when weaving classes 
when weaving 
 [Xlint:cantFindType]
2013-05-11 12:52:29,686 ERROR [main] - System.err - [ch.epfl.insynth] error can't determine modifiers of missing type org.eclipse.jdt.internal.launching.JavaLaunchableTester
when weaving type ch.epfl.insynth.core.completion.InsynthCompletionProposalComputer
when weaving classes 
when weaving 
 [Xlint:cantFindType]
2013-05-11 12:52:29,686 ERROR [main] - System.err - [ch.epfl.insynth] error can't determine modifiers of missing type org.eclipse.jdt.internal.launching.JavaLaunchableTester
when weaving type ch.epfl.insynth.core.completion.InsynthCompletionProposalComputer
when weaving classes 
when weaving 
 [Xlint:cantFindType]
2013-05-11 22:40:39,732 ERROR [main] - System.err - java.lang.reflect.InvocationTargetException
2013-05-11 22:40:39,757 ERROR [main] - System.err - at com.android.ide.eclipse.adt.internal.wizards.newproject.NewProjectCreator.createProjectAsync(NewProjectCreator.java:642)
2013-05-11 22:40:39,757 ERROR [main] - System.err - at com.android.ide.eclipse.adt.internal.wizards.newproject.NewProjectCreator.access$0(NewProjectCreator.java:559)
2013-05-11 22:40:39,757 ERROR [main] - System.err - at com.android.ide.eclipse.adt.internal.wizards.newproject.NewProjectCreator$2.execute(NewProjectCreator.java:371)
2013-05-11 22:40:39,757 ERROR [main] - System.err - at org.eclipse.ui.actions.WorkspaceModifyOperation$1.run(WorkspaceModifyOperation.java:106)
2013-05-11 22:40:39,757 ERROR [main] - System.err - at org.eclipse.core.internal.resources.Workspace.run(Workspace.java:2344)
2013-05-11 22:40:39,757 ERROR [main] - System.err - at org.eclipse.ui.actions.WorkspaceModifyOperation.run(WorkspaceModifyOperation.java:118)
2013-05-11 22:40:39,757 ERROR [main] - System.err - at org.eclipse.jface.operation.ModalContext$ModalContextThread.run(ModalContext.java:121)
2013-05-11 22:40:39,757 ERROR [main] - System.err - Caused by: org.eclipse.core.internal.resources.ResourceException: Invalid project description.
2013-05-11 22:40:39,758 ERROR [main] - System.err - at org.eclipse.core.internal.resources.Project.checkDescription(Project.java:175)
2013-05-11 22:40:39,758 ERROR [main] - System.err - at org.eclipse.core.internal.resources.Project.assertCreateRequirements(Project.java:53)
2013-05-11 22:40:39,758 ERROR [main] - System.err - at org.eclipse.core.internal.resources.Project.create(Project.java:287)
2013-05-11 22:40:39,758 ERROR [main] - System.err - at org.eclipse.core.internal.resources.Project.create(Project.java:269)
2013-05-11 22:40:39,758 ERROR [main] - System.err - at com.android.ide.eclipse.adt.internal.wizards.newproject.NewProjectCreator.createEclipseProject(NewProjectCreator.java:689)
2013-05-11 22:40:39,758 ERROR [main] - System.err - at com.android.ide.eclipse.adt.internal.wizards.newproject.NewProjectCreator.createProjectAsync(NewProjectCreator.java:626)
2013-05-11 22:40:39,758 ERROR [main] - System.err - ... 6 more
2013-05-11 22:43:46,404 ERROR [main] - System.err - java.lang.reflect.InvocationTargetException
2013-05-11 22:43:46,404 ERROR [main] - System.err - at com.android.ide.eclipse.adt.internal.wizards.newproject.NewProjectCreator.createProjectAsync(NewProjectCreator.java:642)
2013-05-11 22:43:46,404 ERROR [main] - System.err - at com.android.ide.eclipse.adt.internal.wizards.newproject.NewProjectCreator.access$0(NewProjectCreator.java:559)
2013-05-11 22:43:46,405 ERROR [main] - System.err - at com.android.ide.eclipse.adt.internal.wizards.newproject.NewProjectCreator$2.execute(NewProjectCreator.java:371)
2013-05-11 22:43:46,405 ERROR [main] - System.err - at org.eclipse.ui.actions.WorkspaceModifyOperation$1.run(WorkspaceModifyOperation.java:106)
2013-05-11 22:43:46,405 ERROR [main] - System.err - at org.eclipse.core.internal.resources.Workspace.run(Workspace.java:2344)
2013-05-11 22:43:46,405 ERROR [main] - System.err - at org.eclipse.ui.actions.WorkspaceModifyOperation.run(WorkspaceModifyOperation.java:118)
2013-05-11 22:43:46,405 ERROR [main] - System.err - at org.eclipse.jface.operation.ModalContext$ModalContextThread.run(ModalContext.java:121)
2013-05-11 22:43:46,405 ERROR [main] - System.err - Caused by: org.eclipse.core.internal.resources.ResourceException: Invalid project description.
2013-05-11 22:43:46,405 ERROR [main] - System.err - at org.eclipse.core.internal.resources.Project.checkDescription(Project.java:175)
2013-05-11 22:43:46,405 ERROR [main] - System.err - at org.eclipse.core.internal.resources.Project.assertCreateRequirements(Project.java:53)
2013-05-11 22:43:46,405 ERROR [main] - System.err - at org.eclipse.core.internal.resources.Project.create(Project.java:287)
2013-05-11 22:43:46,405 ERROR [main] - System.err - at org.eclipse.core.internal.resources.Project.create(Project.java:269)
2013-05-11 22:43:46,405 ERROR [main] - System.err - at com.android.ide.eclipse.adt.internal.wizards.newproject.NewProjectCreator.createEclipseProject(NewProjectCreator.java:689)
2013-05-11 22:43:46,405 ERROR [main] - System.err - at com.android.ide.eclipse.adt.internal.wizards.newproject.NewProjectCreator.createProjectAsync(NewProjectCreator.java:626)
2013-05-11 22:43:46,405 ERROR [main] - System.err - ... 6 more
2013-05-11 22:45:52,030 ERROR [main] - System.err - java.lang.reflect.InvocationTargetException
2013-05-11 22:45:52,030 ERROR [main] - System.err - at com.android.ide.eclipse.adt.internal.wizards.newproject.NewProjectCreator.createProjectAsync(NewProjectCreator.java:642)
2013-05-11 22:45:52,030 ERROR [main] - System.err - at com.android.ide.eclipse.adt.internal.wizards.newproject.NewProjectCreator.access$0(NewProjectCreator.java:559)
2013-05-11 22:45:52,030 ERROR [main] - System.err - at com.android.ide.eclipse.adt.internal.wizards.newproject.NewProjectCreator$2.execute(NewProjectCreator.java:371)
2013-05-11 22:45:52,030 ERROR [main] - System.err - at org.eclipse.ui.actions.WorkspaceModifyOperation$1.run(WorkspaceModifyOperation.java:106)
2013-05-11 22:45:52,031 ERROR [main] - System.err - at org.eclipse.core.internal.resources.Workspace.run(Workspace.java:2344)
2013-05-11 22:45:52,031 ERROR [main] - System.err - at org.eclipse.ui.actions.WorkspaceModifyOperation.run(WorkspaceModifyOperation.java:118)
2013-05-11 22:45:52,031 ERROR [main] - System.err - at org.eclipse.jface.operation.ModalContext$ModalContextThread.run(ModalContext.java:121)
2013-05-11 22:45:52,031 ERROR [main] - System.err - Caused by: org.eclipse.core.internal.resources.ResourceException: Invalid project description.
2013-05-11 22:45:52,031 ERROR [main] - System.err - at org.eclipse.core.internal.resources.Project.checkDescription(Project.java:175)
2013-05-11 22:45:52,031 ERROR [main] - System.err - at org.eclipse.core.internal.resources.Project.assertCreateRequirements(Project.java:53)
2013-05-11 22:45:52,031 ERROR [main] - System.err - at org.eclipse.core.internal.resources.Project.create(Project.java:287)
2013-05-11 22:45:52,031 ERROR [main] - System.err - at org.eclipse.core.internal.resources.Project.create(Project.java:269)
2013-05-11 22:45:52,031 ERROR [main] - System.err - at com.android.ide.eclipse.adt.internal.wizards.newproject.NewProjectCreator.createEclipseProject(NewProjectCreator.java:689)
2013-05-11 22:45:52,031 ERROR [main] - System.err - at com.android.ide.eclipse.adt.internal.wizards.newproject.NewProjectCreator.createProjectAsync(NewProjectCreator.java:626)
2013-05-11 22:45:52,031 ERROR [main] - System.err - ... 6 more
2013-05-11 22:46:34,906 ERROR [main] - System.err - java.lang.reflect.InvocationTargetException
2013-05-11 22:46:34,906 ERROR [main] - System.err - at com.android.ide.eclipse.adt.internal.wizards.newproject.NewProjectCreator.createProjectAsync(NewProjectCreator.java:642)
2013-05-11 22:46:34,906 ERROR [main] - System.err - at com.android.ide.eclipse.adt.internal.wizards.newproject.NewProjectCreator.access$0(NewProjectCreator.java:559)
2013-05-11 22:46:34,906 ERROR [main] - System.err - at com.android.ide.eclipse.adt.internal.wizards.newproject.NewProjectCreator$2.execute(NewProjectCreator.java:371)
2013-05-11 22:46:34,906 ERROR [main] - System.err - at org.eclipse.ui.actions.WorkspaceModifyOperation$1.run(WorkspaceModifyOperation.java:106)
2013-05-11 22:46:34,906 ERROR [main] - System.err - at org.eclipse.core.internal.resources.Workspace.run(Workspace.java:2344)
2013-05-11 22:46:34,906 ERROR [main] - System.err - at org.eclipse.ui.actions.WorkspaceModifyOperation.run(WorkspaceModifyOperation.java:118)
2013-05-11 22:46:34,906 ERROR [main] - System.err - at org.eclipse.jface.operation.ModalContext$ModalContextThread.run(ModalContext.java:121)
2013-05-11 22:46:34,906 ERROR [main] - System.err - Caused by: org.eclipse.core.internal.resources.ResourceException: Invalid project description.
2013-05-11 22:46:34,906 ERROR [main] - System.err - at org.eclipse.core.internal.resources.Project.checkDescription(Project.java:175)
2013-05-11 22:46:34,906 ERROR [main] - System.err - at org.eclipse.core.internal.resources.Project.assertCreateRequirements(Project.java:53)
2013-05-11 22:46:34,906 ERROR [main] - System.err - at org.eclipse.core.internal.resources.Project.create(Project.java:287)
2013-05-11 22:46:34,906 ERROR [main] - System.err - at org.eclipse.core.internal.resources.Project.create(Project.java:269)
2013-05-11 22:46:34,906 ERROR [main] - System.err - at com.android.ide.eclipse.adt.internal.wizards.newproject.NewProjectCreator.createEclipseProject(NewProjectCreator.java:689)
2013-05-11 22:46:34,907 ERROR [main] - System.err - at com.android.ide.eclipse.adt.internal.wizards.newproject.NewProjectCreator.createProjectAsync(NewProjectCreator.java:626)
2013-05-11 22:46:34,907 ERROR [main] - System.err - ... 6 more
2013-05-11 22:47:22,021 ERROR [main] - System.err - java.lang.reflect.InvocationTargetException
2013-05-11 22:47:22,021 ERROR [main] - System.err - at com.android.ide.eclipse.adt.internal.wizards.newproject.NewProjectCreator.createProjectAsync(NewProjectCreator.java:642)
2013-05-11 22:47:22,021 ERROR [main] - System.err - at com.android.ide.eclipse.adt.internal.wizards.newproject.NewProjectCreator.access$0(NewProjectCreator.java:559)
2013-05-11 22:47:22,021 ERROR [main] - System.err - at com.android.ide.eclipse.adt.internal.wizards.newproject.NewProjectCreator$2.execute(NewProjectCreator.java:371)
2013-05-11 22:47:22,021 ERROR [main] - System.err - at org.eclipse.ui.actions.WorkspaceModifyOperation$1.run(WorkspaceModifyOperation.java:106)
2013-05-11 22:47:22,022 ERROR [main] - System.err - at org.eclipse.core.internal.resources.Workspace.run(Workspace.java:2344)
2013-05-11 22:47:22,022 ERROR [main] - System.err - at org.eclipse.ui.actions.WorkspaceModifyOperation.run(WorkspaceModifyOperation.java:118)
2013-05-11 22:47:22,022 ERROR [main] - System.err - at org.eclipse.jface.operation.ModalContext$ModalContextThread.run(ModalContext.java:121)
2013-05-11 22:47:22,022 ERROR [main] - System.err - Caused by: org.eclipse.core.internal.resources.ResourceException: Invalid project description.
2013-05-11 22:47:22,022 ERROR [main] - System.err - at org.eclipse.core.internal.resources.Project.checkDescription(Project.java:175)
2013-05-11 22:47:22,022 ERROR [main] - System.err - at org.eclipse.core.internal.resources.Project.assertCreateRequirements(Project.java:53)
2013-05-11 22:47:22,022 ERROR [main] - System.err - at org.eclipse.core.internal.resources.Project.create(Project.java:287)
2013-05-11 22:47:22,022 ERROR [main] - System.err - at org.eclipse.core.internal.resources.Project.create(Project.java:269)
2013-05-11 22:47:22,022 ERROR [main] - System.err - at com.android.ide.eclipse.adt.internal.wizards.newproject.NewProjectCreator.createEclipseProject(NewProjectCreator.java:689)
2013-05-11 22:47:22,022 ERROR [main] - System.err - at com.android.ide.eclipse.adt.internal.wizards.newproject.NewProjectCreator.createProjectAsync(NewProjectCreator.java:626)
2013-05-11 22:47:22,022 ERROR [main] - System.err - ... 6 more
2013-05-11 22:48:28,352 ERROR [main] - System.err - java.lang.reflect.InvocationTargetException
2013-05-11 22:48:28,352 ERROR [main] - System.err - at com.android.ide.eclipse.adt.internal.wizards.newproject.NewProjectCreator.createProjectAsync(NewProjectCreator.java:642)
2013-05-11 22:48:28,352 ERROR [main] - System.err - at com.android.ide.eclipse.adt.internal.wizards.newproject.NewProjectCreator.access$0(NewProjectCreator.java:559)
2013-05-11 22:48:28,352 ERROR [main] - System.err - at com.android.ide.eclipse.adt.internal.wizards.newproject.NewProjectCreator$2.execute(NewProjectCreator.java:371)
2013-05-11 22:48:28,352 ERROR [main] - System.err - at org.eclipse.ui.actions.WorkspaceModifyOperation$1.run(WorkspaceModifyOperation.java:106)
2013-05-11 22:48:28,352 ERROR [main] - System.err - at org.eclipse.core.internal.resources.Workspace.run(Workspace.java:2344)
2013-05-11 22:48:28,352 ERROR [main] - System.err - at org.eclipse.ui.actions.WorkspaceModifyOperation.run(WorkspaceModifyOperation.java:118)
2013-05-11 22:48:28,353 ERROR [main] - System.err - at org.eclipse.jface.operation.ModalContext$ModalContextThread.run(ModalContext.java:121)
2013-05-11 22:48:28,353 ERROR [main] - System.err - Caused by: org.eclipse.core.internal.resources.ResourceException: Invalid project description.
2013-05-11 22:48:28,353 ERROR [main] - System.err - at org.eclipse.core.internal.resources.Project.checkDescription(Project.java:175)
2013-05-11 22:48:28,353 ERROR [main] - System.err - at org.eclipse.core.internal.resources.Project.assertCreateRequirements(Project.java:53)
2013-05-11 22:48:28,353 ERROR [main] - System.err - at org.eclipse.core.internal.resources.Project.create(Project.java:287)
2013-05-11 22:48:28,353 ERROR [main] - System.err - at org.eclipse.core.internal.resources.Project.create(Project.java:269)
2013-05-11 22:48:28,353 ERROR [main] - System.err - at com.android.ide.eclipse.adt.internal.wizards.newproject.NewProjectCreator.createEclipseProject(NewProjectCreator.java:689)
2013-05-11 22:48:28,353 ERROR [main] - System.err - at com.android.ide.eclipse.adt.internal.wizards.newproject.NewProjectCreator.createProjectAsync(NewProjectCreator.java:626)
2013-05-11 22:48:28,353 ERROR [main] - System.err - ... 6 more
2013-05-11 22:50:00,422 ERROR [main] - System.err - java.lang.reflect.InvocationTargetException
2013-05-11 22:50:00,432 ERROR [main] - System.err - at com.android.ide.eclipse.adt.internal.wizards.newproject.NewProjectCreator.createProjectAsync(NewProjectCreator.java:642)
2013-05-11 22:50:00,432 ERROR [main] - System.err - at com.android.ide.eclipse.adt.internal.wizards.newproject.NewProjectCreator.access$0(NewProjectCreator.java:559)
2013-05-11 22:50:00,433 ERROR [main] - System.err - at com.android.ide.eclipse.adt.internal.wizards.newproject.NewProjectCreator$2.execute(NewProjectCreator.java:371)
2013-05-11 22:50:00,433 ERROR [main] - System.err - at org.eclipse.ui.actions.WorkspaceModifyOperation$1.run(WorkspaceModifyOperation.java:106)
2013-05-11 22:50:00,433 ERROR [main] - System.err - at org.eclipse.core.internal.resources.Workspace.run(Workspace.java:2344)
2013-05-11 22:50:00,433 ERROR [main] - System.err - at org.eclipse.ui.actions.WorkspaceModifyOperation.run(WorkspaceModifyOperation.java:118)
2013-05-11 22:50:00,433 ERROR [main] - System.err - at org.eclipse.jface.operation.ModalContext$ModalContextThread.run(ModalContext.java:121)
2013-05-11 22:50:00,433 ERROR [main] - System.err - Caused by: org.eclipse.core.internal.resources.ResourceException: Invalid project description.
2013-05-11 22:50:00,433 ERROR [main] - System.err - at org.eclipse.core.internal.resources.Project.checkDescription(Project.java:175)
2013-05-11 22:50:00,433 ERROR [main] - System.err - at org.eclipse.core.internal.resources.Project.assertCreateRequirements(Project.java:53)
2013-05-11 22:50:00,433 ERROR [main] - System.err - at org.eclipse.core.internal.resources.Project.create(Project.java:287)
2013-05-11 22:50:00,433 ERROR [main] - System.err - at org.eclipse.core.internal.resources.Project.create(Project.java:269)
2013-05-11 22:50:00,434 ERROR [main] - System.err - at com.android.ide.eclipse.adt.internal.wizards.newproject.NewProjectCreator.createEclipseProject(NewProjectCreator.java:689)
2013-05-11 22:50:00,434 ERROR [main] - System.err - at com.android.ide.eclipse.adt.internal.wizards.newproject.NewProjectCreator.createProjectAsync(NewProjectCreator.java:626)
2013-05-11 22:50:00,434 ERROR [main] - System.err - ... 6 more
2013-05-11 23:52:53,479 ERROR [main] - System.err - [ch.epfl.insynth] error can't determine modifiers of missing type org.eclipse.jdt.internal.junit.launcher.TestKind
when processing type mungers ch.epfl.insynth.core.completion.InsynthCompletionProposalComputer
when processing type mungers 
when weaving 
 [Xlint:cantFindType]
2013-05-11 23:52:53,481 ERROR [main] - System.err - [ch.epfl.insynth] error can't determine modifiers of missing type org.eclipse.ui.wizards.datatransfer.IImportStructureProvider
when processing type mungers ch.epfl.insynth.core.completion.InsynthCompletionProposalComputer
when processing type mungers 
when weaving 
 [Xlint:cantFindType]
2013-05-11 23:52:53,481 ERROR [main] - System.err - [ch.epfl.insynth] error can't determine modifiers of missing type org.eclipse.jdt.internal.debug.ui.JDIModelPresentation
when processing type mungers ch.epfl.insynth.core.completion.InsynthCompletionProposalComputer
when processing type mungers 
when weaving 
 [Xlint:cantFindType]
2013-05-11 23:52:53,482 ERROR [main] - System.err - [ch.epfl.insynth] error can't determine modifiers of missing type org.eclipse.jdt.internal.debug.ui.BreakpointMarkerUpdater
when processing type mungers ch.epfl.insynth.core.completion.InsynthCompletionProposalComputer
when processing type mungers 
when weaving 
 [Xlint:cantFindType]
2013-05-11 23:52:53,483 ERROR [main] - System.err - [ch.epfl.insynth] error can't determine modifiers of missing type org.eclipse.jdt.junit.launcher.JUnitLaunchConfigurationTab
when weaving type ch.epfl.insynth.core.completion.InsynthCompletionProposalComputer
when weaving classes 
when weaving 
 [Xlint:cantFindType]
2013-05-11 23:52:53,483 ERROR [main] - System.err - [ch.epfl.insynth] error can't determine modifiers of missing type org.eclipse.debug.core.sourcelookup.AbstractSourceLookupDirector
when weaving type ch.epfl.insynth.core.completion.InsynthCompletionProposalComputer
when weaving classes 
when weaving 
 [Xlint:cantFindType]
2013-05-11 23:52:53,484 ERROR [main] - System.err - [ch.epfl.insynth] error can't determine modifiers of missing type org.eclipse.pde.internal.ui.wizards.imports.PluginImportHelper
when weaving type ch.epfl.insynth.core.completion.InsynthCompletionProposalComputer
when weaving classes 
when weaving 
 [Xlint:cantFindType]
2013-05-11 23:52:53,484 ERROR [main] - System.err - [ch.epfl.insynth] error can't determine modifiers of missing type org.eclipse.jdt.internal.debug.ui.JDIModelPresentation
when weaving type ch.epfl.insynth.core.completion.InsynthCompletionProposalComputer
when weaving classes 
when weaving 
 [Xlint:cantFindType]
2013-05-11 23:52:53,484 ERROR [main] - System.err - [ch.epfl.insynth] error can't determine modifiers of missing type org.eclipse.jdt.internal.debug.ui.BreakpointMarkerUpdater
when weaving type ch.epfl.insynth.core.completion.InsynthCompletionProposalComputer
when weaving classes 
when weaving 
 [Xlint:cantFindType]
2013-05-11 23:52:53,484 ERROR [main] - System.err - [ch.epfl.insynth] error can't determine modifiers of missing type org.eclipse.jdt.internal.launching.JavaLaunchableTester
when weaving type ch.epfl.insynth.core.completion.InsynthCompletionProposalComputer
when weaving classes 
when weaving 
 [Xlint:cantFindType]
2013-05-11 23:52:53,484 ERROR [main] - System.err - [ch.epfl.insynth] error can't determine modifiers of missing type org.eclipse.jdt.internal.launching.JavaLaunchableTester
when weaving type ch.epfl.insynth.core.completion.InsynthCompletionProposalComputer
when weaving classes 
when weaving 
 [Xlint:cantFindType]
2013-05-14 21:27:09,499 ERROR [main] - System.err - [ch.epfl.insynth] error can't determine modifiers of missing type org.eclipse.jdt.internal.junit.launcher.TestKind
when processing type mungers ch.epfl.insynth.core.completion.InsynthCompletionProposalComputer
when processing type mungers 
when weaving 
 [Xlint:cantFindType]
2013-05-14 21:27:09,501 ERROR [main] - System.err - [ch.epfl.insynth] error can't determine modifiers of missing type org.eclipse.ui.wizards.datatransfer.IImportStructureProvider
when processing type mungers ch.epfl.insynth.core.completion.InsynthCompletionProposalComputer
when processing type mungers 
when weaving 
 [Xlint:cantFindType]
2013-05-14 21:27:09,501 ERROR [main] - System.err - [ch.epfl.insynth] error can't determine modifiers of missing type org.eclipse.jdt.internal.debug.ui.JDIModelPresentation
when processing type mungers ch.epfl.insynth.core.completion.InsynthCompletionProposalComputer
when processing type mungers 
when weaving 
 [Xlint:cantFindType]
2013-05-14 21:27:09,502 ERROR [main] - System.err - [ch.epfl.insynth] error can't determine modifiers of missing type org.eclipse.jdt.internal.debug.ui.BreakpointMarkerUpdater
when processing type mungers ch.epfl.insynth.core.completion.InsynthCompletionProposalComputer
when processing type mungers 
when weaving 
 [Xlint:cantFindType]
2013-05-14 21:27:09,503 ERROR [main] - System.err - [ch.epfl.insynth] error can't determine modifiers of missing type org.eclipse.jdt.junit.launcher.JUnitLaunchConfigurationTab
when weaving type ch.epfl.insynth.core.completion.InsynthCompletionProposalComputer
when weaving classes 
when weaving 
 [Xlint:cantFindType]
2013-05-14 21:27:09,503 ERROR [main] - System.err - [ch.epfl.insynth] error can't determine modifiers of missing type org.eclipse.debug.core.sourcelookup.AbstractSourceLookupDirector
when weaving type ch.epfl.insynth.core.completion.InsynthCompletionProposalComputer
when weaving classes 
when weaving 
 [Xlint:cantFindType]
2013-05-14 21:27:09,504 ERROR [main] - System.err - [ch.epfl.insynth] error can't determine modifiers of missing type org.eclipse.pde.internal.ui.wizards.imports.PluginImportHelper
when weaving type ch.epfl.insynth.core.completion.InsynthCompletionProposalComputer
when weaving classes 
when weaving 
 [Xlint:cantFindType]
2013-05-14 21:27:09,504 ERROR [main] - System.err - [ch.epfl.insynth] error can't determine modifiers of missing type org.eclipse.jdt.internal.debug.ui.JDIModelPresentation
when weaving type ch.epfl.insynth.core.completion.InsynthCompletionProposalComputer
when weaving classes 
when weaving 
 [Xlint:cantFindType]
2013-05-14 21:27:09,504 ERROR [main] - System.err - [ch.epfl.insynth] error can't determine modifiers of missing type org.eclipse.jdt.internal.debug.ui.BreakpointMarkerUpdater
when weaving type ch.epfl.insynth.core.completion.InsynthCompletionProposalComputer
when weaving classes 
when weaving 
 [Xlint:cantFindType]
2013-05-14 21:27:09,505 ERROR [main] - System.err - [ch.epfl.insynth] error can't determine modifiers of missing type org.eclipse.jdt.internal.launching.JavaLaunchableTester
when weaving type ch.epfl.insynth.core.completion.InsynthCompletionProposalComputer
when weaving classes 
when weaving 
 [Xlint:cantFindType]
2013-05-14 21:27:09,505 ERROR [main] - System.err - [ch.epfl.insynth] error can't determine modifiers of missing type org.eclipse.jdt.internal.launching.JavaLaunchableTester
when weaving type ch.epfl.insynth.core.completion.InsynthCompletionProposalComputer
when weaving classes 
when weaving 
 [Xlint:cantFindType]
2013-05-15 23:15:22,915 ERROR [main] - System.err - [ch.epfl.insynth] error can't determine modifiers of missing type org.eclipse.jdt.internal.junit.launcher.TestKind
when processing type mungers ch.epfl.insynth.core.completion.InsynthCompletionProposalComputer
when processing type mungers 
when weaving 
 [Xlint:cantFindType]
2013-05-15 23:15:22,936 ERROR [main] - System.err - [ch.epfl.insynth] error can't determine modifiers of missing type org.eclipse.ui.wizards.datatransfer.IImportStructureProvider
when processing type mungers ch.epfl.insynth.core.completion.InsynthCompletionProposalComputer
when processing type mungers 
when weaving 
 [Xlint:cantFindType]
2013-05-15 23:15:22,938 ERROR [main] - System.err - [ch.epfl.insynth] error can't determine modifiers of missing type org.eclipse.jdt.internal.debug.ui.JDIModelPresentation
when processing type mungers ch.epfl.insynth.core.completion.InsynthCompletionProposalComputer
when processing type mungers 
when weaving 
 [Xlint:cantFindType]
2013-05-15 23:15:22,938 ERROR [main] - System.err - [ch.epfl.insynth] error can't determine modifiers of missing type org.eclipse.jdt.internal.debug.ui.BreakpointMarkerUpdater
when processing type mungers ch.epfl.insynth.core.completion.InsynthCompletionProposalComputer
when processing type mungers 
when weaving 
 [Xlint:cantFindType]
2013-05-15 23:15:22,939 ERROR [main] - System.err - [ch.epfl.insynth] error can't determine modifiers of missing type org.eclipse.jdt.junit.launcher.JUnitLaunchConfigurationTab
when weaving type ch.epfl.insynth.core.completion.InsynthCompletionProposalComputer
when weaving classes 
when weaving 
 [Xlint:cantFindType]
2013-05-15 23:15:22,940 ERROR [main] - System.err - [ch.epfl.insynth] error can't determine modifiers of missing type org.eclipse.debug.core.sourcelookup.AbstractSourceLookupDirector
when weaving type ch.epfl.insynth.core.completion.InsynthCompletionProposalComputer
when weaving classes 
when weaving 
 [Xlint:cantFindType]
2013-05-15 23:15:22,941 ERROR [main] - System.err - [ch.epfl.insynth] error can't determine modifiers of missing type org.eclipse.pde.internal.ui.wizards.imports.PluginImportHelper
when weaving type ch.epfl.insynth.core.completion.InsynthCompletionProposalComputer
when weaving classes 
when weaving 
 [Xlint:cantFindType]
2013-05-15 23:15:22,942 ERROR [main] - System.err - [ch.epfl.insynth] error can't determine modifiers of missing type org.eclipse.jdt.internal.debug.ui.JDIModelPresentation
when weaving type ch.epfl.insynth.core.completion.InsynthCompletionProposalComputer
when weaving classes 
when weaving 
 [Xlint:cantFindType]
2013-05-15 23:15:22,942 ERROR [main] - System.err - [ch.epfl.insynth] error can't determine modifiers of missing type org.eclipse.jdt.internal.debug.ui.BreakpointMarkerUpdater
when weaving type ch.epfl.insynth.core.completion.InsynthCompletionProposalComputer
when weaving classes 
when weaving 
 [Xlint:cantFindType]
2013-05-15 23:15:22,942 ERROR [main] - System.err - [ch.epfl.insynth] error can't determine modifiers of missing type org.eclipse.jdt.internal.launching.JavaLaunchableTester
when weaving type ch.epfl.insynth.core.completion.InsynthCompletionProposalComputer
when weaving classes 
when weaving 
 [Xlint:cantFindType]
2013-05-15 23:15:22,943 ERROR [main] - System.err - [ch.epfl.insynth] error can't determine modifiers of missing type org.eclipse.jdt.internal.launching.JavaLaunchableTester
when weaving type ch.epfl.insynth.core.completion.InsynthCompletionProposalComputer
when weaving classes 
when weaving 
 [Xlint:cantFindType]
2013-05-19 12:42:08,228 ERROR [main] - System.err - [ch.epfl.insynth] error can't determine modifiers of missing type org.eclipse.jdt.internal.junit.launcher.TestKind
when processing type mungers ch.epfl.insynth.core.completion.InsynthCompletionProposalComputer
when processing type mungers 
when weaving 
 [Xlint:cantFindType]
2013-05-19 12:42:08,239 ERROR [main] - System.err - [ch.epfl.insynth] error can't determine modifiers of missing type org.eclipse.ui.wizards.datatransfer.IImportStructureProvider
when processing type mungers ch.epfl.insynth.core.completion.InsynthCompletionProposalComputer
when processing type mungers 
when weaving 
 [Xlint:cantFindType]
2013-05-19 12:42:08,239 ERROR [main] - System.err - [ch.epfl.insynth] error can't determine modifiers of missing type org.eclipse.jdt.internal.debug.ui.JDIModelPresentation
when processing type mungers ch.epfl.insynth.core.completion.InsynthCompletionProposalComputer
when processing type mungers 
when weaving 
 [Xlint:cantFindType]
2013-05-19 12:42:08,240 ERROR [main] - System.err - [ch.epfl.insynth] error can't determine modifiers of missing type org.eclipse.jdt.internal.debug.ui.BreakpointMarkerUpdater
when processing type mungers ch.epfl.insynth.core.completion.InsynthCompletionProposalComputer
when processing type mungers 
when weaving 
 [Xlint:cantFindType]
2013-05-19 12:42:08,241 ERROR [main] - System.err - [ch.epfl.insynth] error can't determine modifiers of missing type org.eclipse.jdt.junit.launcher.JUnitLaunchConfigurationTab
when weaving type ch.epfl.insynth.core.completion.InsynthCompletionProposalComputer
when weaving classes 
when weaving 
 [Xlint:cantFindType]
2013-05-19 12:42:08,241 ERROR [main] - System.err - [ch.epfl.insynth] error can't determine modifiers of missing type org.eclipse.debug.core.sourcelookup.AbstractSourceLookupDirector
when weaving type ch.epfl.insynth.core.completion.InsynthCompletionProposalComputer
when weaving classes 
when weaving 
 [Xlint:cantFindType]
2013-05-19 12:42:08,242 ERROR [main] - System.err - [ch.epfl.insynth] error can't determine modifiers of missing type org.eclipse.pde.internal.ui.wizards.imports.PluginImportHelper
when weaving type ch.epfl.insynth.core.completion.InsynthCompletionProposalComputer
when weaving classes 
when weaving 
 [Xlint:cantFindType]
2013-05-19 12:42:08,243 ERROR [main] - System.err - [ch.epfl.insynth] error can't determine modifiers of missing type org.eclipse.jdt.internal.debug.ui.JDIModelPresentation
when weaving type ch.epfl.insynth.core.completion.InsynthCompletionProposalComputer
when weaving classes 
when weaving 
 [Xlint:cantFindType]
2013-05-19 12:42:08,243 ERROR [main] - System.err - [ch.epfl.insynth] error can't determine modifiers of missing type org.eclipse.jdt.internal.debug.ui.BreakpointMarkerUpdater
when weaving type ch.epfl.insynth.core.completion.InsynthCompletionProposalComputer
when weaving classes 
when weaving 
 [Xlint:cantFindType]
2013-05-19 12:42:08,243 ERROR [main] - System.err - [ch.epfl.insynth] error can't determine modifiers of missing type org.eclipse.jdt.internal.launching.JavaLaunchableTester
when weaving type ch.epfl.insynth.core.completion.InsynthCompletionProposalComputer
when weaving classes 
when weaving 
 [Xlint:cantFindType]
2013-05-19 12:42:08,243 ERROR [main] - System.err - [ch.epfl.insynth] error can't determine modifiers of missing type org.eclipse.jdt.internal.launching.JavaLaunchableTester
when weaving type ch.epfl.insynth.core.completion.InsynthCompletionProposalComputer
when weaving classes 
when weaving 
 [Xlint:cantFindType]
2013-05-21 22:46:56,692 ERROR [main] - System.err - [ch.epfl.insynth] error can't determine modifiers of missing type org.eclipse.jdt.internal.junit.launcher.TestKind
when processing type mungers ch.epfl.insynth.core.completion.InsynthCompletionProposalComputer
when processing type mungers 
when weaving 
 [Xlint:cantFindType]
2013-05-21 22:46:56,719 ERROR [main] - System.err - [ch.epfl.insynth] error can't determine modifiers of missing type org.eclipse.ui.wizards.datatransfer.IImportStructureProvider
when processing type mungers ch.epfl.insynth.core.completion.InsynthCompletionProposalComputer
when processing type mungers 
when weaving 
 [Xlint:cantFindType]
2013-05-21 22:46:56,719 ERROR [main] - System.err - [ch.epfl.insynth] error can't determine modifiers of missing type org.eclipse.jdt.internal.debug.ui.JDIModelPresentation
when processing type mungers ch.epfl.insynth.core.completion.InsynthCompletionProposalComputer
when processing type mungers 
when weaving 
 [Xlint:cantFindType]
2013-05-21 22:46:56,720 ERROR [main] - System.err - [ch.epfl.insynth] error can't determine modifiers of missing type org.eclipse.jdt.internal.debug.ui.BreakpointMarkerUpdater
when processing type mungers ch.epfl.insynth.core.completion.InsynthCompletionProposalComputer
when processing type mungers 
when weaving 
 [Xlint:cantFindType]
2013-05-21 22:46:56,721 ERROR [main] - System.err - [ch.epfl.insynth] error can't determine modifiers of missing type org.eclipse.jdt.junit.launcher.JUnitLaunchConfigurationTab
when weaving type ch.epfl.insynth.core.completion.InsynthCompletionProposalComputer
when weaving classes 
when weaving 
 [Xlint:cantFindType]
2013-05-21 22:46:56,721 ERROR [main] - System.err - [ch.epfl.insynth] error can't determine modifiers of missing type org.eclipse.debug.core.sourcelookup.AbstractSourceLookupDirector
when weaving type ch.epfl.insynth.core.completion.InsynthCompletionProposalComputer
when weaving classes 
when weaving 
 [Xlint:cantFindType]
2013-05-21 22:46:56,722 ERROR [main] - System.err - [ch.epfl.insynth] error can't determine modifiers of missing type org.eclipse.pde.internal.ui.wizards.imports.PluginImportHelper
when weaving type ch.epfl.insynth.core.completion.InsynthCompletionProposalComputer
when weaving classes 
when weaving 
 [Xlint:cantFindType]
2013-05-21 22:46:56,722 ERROR [main] - System.err - [ch.epfl.insynth] error can't determine modifiers of missing type org.eclipse.jdt.internal.debug.ui.JDIModelPresentation
when weaving type ch.epfl.insynth.core.completion.InsynthCompletionProposalComputer
when weaving classes 
when weaving 
 [Xlint:cantFindType]
2013-05-21 22:46:56,722 ERROR [main] - System.err - [ch.epfl.insynth] error can't determine modifiers of missing type org.eclipse.jdt.internal.debug.ui.BreakpointMarkerUpdater
when weaving type ch.epfl.insynth.core.completion.InsynthCompletionProposalComputer
when weaving classes 
when weaving 
 [Xlint:cantFindType]
2013-05-21 22:46:56,723 ERROR [main] - System.err - [ch.epfl.insynth] error can't determine modifiers of missing type org.eclipse.jdt.internal.launching.JavaLaunchableTester
when weaving type ch.epfl.insynth.core.completion.InsynthCompletionProposalComputer
when weaving classes 
when weaving 
 [Xlint:cantFindType]
2013-05-21 22:46:56,723 ERROR [main] - System.err - [ch.epfl.insynth] error can't determine modifiers of missing type org.eclipse.jdt.internal.launching.JavaLaunchableTester
when weaving type ch.epfl.insynth.core.completion.InsynthCompletionProposalComputer
when weaving classes 
when weaving 
 [Xlint:cantFindType]
2013-05-23 23:16:33,000 ERROR [main] - System.err - [ch.epfl.insynth] error can't determine modifiers of missing type org.eclipse.jdt.internal.junit.launcher.TestKind
when processing type mungers ch.epfl.insynth.core.completion.InsynthCompletionProposalComputer
when processing type mungers 
when weaving 
 [Xlint:cantFindType]
2013-05-23 23:16:33,028 ERROR [main] - System.err - [ch.epfl.insynth] error can't determine modifiers of missing type org.eclipse.ui.wizards.datatransfer.IImportStructureProvider
when processing type mungers ch.epfl.insynth.core.completion.InsynthCompletionProposalComputer
when processing type mungers 
when weaving 
 [Xlint:cantFindType]
2013-05-23 23:16:33,029 ERROR [main] - System.err - [ch.epfl.insynth] error can't determine modifiers of missing type org.eclipse.jdt.internal.debug.ui.JDIModelPresentation
when processing type mungers ch.epfl.insynth.core.completion.InsynthCompletionProposalComputer
when processing type mungers 
when weaving 
 [Xlint:cantFindType]
2013-05-23 23:16:33,030 ERROR [main] - System.err - [ch.epfl.insynth] error can't determine modifiers of missing type org.eclipse.jdt.internal.debug.ui.BreakpointMarkerUpdater
when processing type mungers ch.epfl.insynth.core.completion.InsynthCompletionProposalComputer
when processing type mungers 
when weaving 
 [Xlint:cantFindType]
2013-05-23 23:16:33,031 ERROR [main] - System.err - [ch.epfl.insynth] error can't determine modifiers of missing type org.eclipse.jdt.junit.launcher.JUnitLaunchConfigurationTab
when weaving type ch.epfl.insynth.core.completion.InsynthCompletionProposalComputer
when weaving classes 
when weaving 
 [Xlint:cantFindType]
2013-05-23 23:16:33,032 ERROR [main] - System.err - [ch.epfl.insynth] error can't determine modifiers of missing type org.eclipse.debug.core.sourcelookup.AbstractSourceLookupDirector
when weaving type ch.epfl.insynth.core.completion.InsynthCompletionProposalComputer
when weaving classes 
when weaving 
 [Xlint:cantFindType]
2013-05-23 23:16:33,033 ERROR [main] - System.err - [ch.epfl.insynth] error can't determine modifiers of missing type org.eclipse.pde.internal.ui.wizards.imports.PluginImportHelper
when weaving type ch.epfl.insynth.core.completion.InsynthCompletionProposalComputer
when weaving classes 
when weaving 
 [Xlint:cantFindType]
2013-05-23 23:16:33,033 ERROR [main] - System.err - [ch.epfl.insynth] error can't determine modifiers of missing type org.eclipse.jdt.internal.debug.ui.JDIModelPresentation
when weaving type ch.epfl.insynth.core.completion.InsynthCompletionProposalComputer
when weaving classes 
when weaving 
 [Xlint:cantFindType]
2013-05-23 23:16:33,033 ERROR [main] - System.err - [ch.epfl.insynth] error can't determine modifiers of missing type org.eclipse.jdt.internal.debug.ui.BreakpointMarkerUpdater
when weaving type ch.epfl.insynth.core.completion.InsynthCompletionProposalComputer
when weaving classes 
when weaving 
 [Xlint:cantFindType]
2013-05-23 23:16:33,034 ERROR [main] - System.err - [ch.epfl.insynth] error can't determine modifiers of missing type org.eclipse.jdt.internal.launching.JavaLaunchableTester
when weaving type ch.epfl.insynth.core.completion.InsynthCompletionProposalComputer
when weaving classes 
when weaving 
 [Xlint:cantFindType]
2013-05-23 23:16:33,034 ERROR [main] - System.err - [ch.epfl.insynth] error can't determine modifiers of missing type org.eclipse.jdt.internal.launching.JavaLaunchableTester
when weaving type ch.epfl.insynth.core.completion.InsynthCompletionProposalComputer
when weaving classes 
when weaving 
 [Xlint:cantFindType]
2013-05-28 20:39:37,835 ERROR [main] - System.err - [ch.epfl.insynth] error can't determine modifiers of missing type org.eclipse.jdt.internal.junit.launcher.TestKind
when processing type mungers ch.epfl.insynth.core.completion.InsynthCompletionProposalComputer
when processing type mungers 
when weaving 
 [Xlint:cantFindType]
2013-05-28 20:39:37,857 ERROR [main] - System.err - [ch.epfl.insynth] error can't determine modifiers of missing type org.eclipse.ui.wizards.datatransfer.IImportStructureProvider
when processing type mungers ch.epfl.insynth.core.completion.InsynthCompletionProposalComputer
when processing type mungers 
when weaving 
 [Xlint:cantFindType]
2013-05-28 20:39:37,858 ERROR [main] - System.err - [ch.epfl.insynth] error can't determine modifiers of missing type org.eclipse.jdt.internal.debug.ui.JDIModelPresentation
when processing type mungers ch.epfl.insynth.core.completion.InsynthCompletionProposalComputer
when processing type mungers 
when weaving 
 [Xlint:cantFindType]
2013-05-28 20:39:37,859 ERROR [main] - System.err - [ch.epfl.insynth] error can't determine modifiers of missing type org.eclipse.jdt.internal.debug.ui.BreakpointMarkerUpdater
when processing type mungers ch.epfl.insynth.core.completion.InsynthCompletionProposalComputer
when processing type mungers 
when weaving 
 [Xlint:cantFindType]
2013-05-28 20:39:37,860 ERROR [main] - System.err - [ch.epfl.insynth] error can't determine modifiers of missing type org.eclipse.jdt.junit.launcher.JUnitLaunchConfigurationTab
when weaving type ch.epfl.insynth.core.completion.InsynthCompletionProposalComputer
when weaving classes 
when weaving 
 [Xlint:cantFindType]
2013-05-28 20:39:37,860 ERROR [main] - System.err - [ch.epfl.insynth] error can't determine modifiers of missing type org.eclipse.debug.core.sourcelookup.AbstractSourceLookupDirector
when weaving type ch.epfl.insynth.core.completion.InsynthCompletionProposalComputer
when weaving classes 
when weaving 
 [Xlint:cantFindType]
2013-05-28 20:39:37,861 ERROR [main] - System.err - [ch.epfl.insynth] error can't determine modifiers of missing type org.eclipse.pde.internal.ui.wizards.imports.PluginImportHelper
when weaving type ch.epfl.insynth.core.completion.InsynthCompletionProposalComputer
when weaving classes 
when weaving 
 [Xlint:cantFindType]
2013-05-28 20:39:37,862 ERROR [main] - System.err - [ch.epfl.insynth] error can't determine modifiers of missing type org.eclipse.jdt.internal.debug.ui.JDIModelPresentation
when weaving type ch.epfl.insynth.core.completion.InsynthCompletionProposalComputer
when weaving classes 
when weaving 
 [Xlint:cantFindType]
2013-05-28 20:39:37,862 ERROR [main] - System.err - [ch.epfl.insynth] error can't determine modifiers of missing type org.eclipse.jdt.internal.debug.ui.BreakpointMarkerUpdater
when weaving type ch.epfl.insynth.core.completion.InsynthCompletionProposalComputer
when weaving classes 
when weaving 
 [Xlint:cantFindType]
2013-05-28 20:39:37,862 ERROR [main] - System.err - [ch.epfl.insynth] error can't determine modifiers of missing type org.eclipse.jdt.internal.launching.JavaLaunchableTester
when weaving type ch.epfl.insynth.core.completion.InsynthCompletionProposalComputer
when weaving classes 
when weaving 
 [Xlint:cantFindType]
2013-05-28 20:39:37,862 ERROR [main] - System.err - [ch.epfl.insynth] error can't determine modifiers of missing type org.eclipse.jdt.internal.launching.JavaLaunchableTester
when weaving type ch.epfl.insynth.core.completion.InsynthCompletionProposalComputer
when weaving classes 
when weaving 
 [Xlint:cantFindType]
2013-05-30 21:38:30,416 ERROR [main] - System.err - [ch.epfl.insynth] error can't determine modifiers of missing type org.eclipse.jdt.internal.junit.launcher.TestKind
when processing type mungers ch.epfl.insynth.core.completion.InsynthCompletionProposalComputer
when processing type mungers 
when weaving 
 [Xlint:cantFindType]
2013-05-30 21:38:30,427 ERROR [main] - System.err - [ch.epfl.insynth] error can't determine modifiers of missing type org.eclipse.ui.wizards.datatransfer.IImportStructureProvider
when processing type mungers ch.epfl.insynth.core.completion.InsynthCompletionProposalComputer
when processing type mungers 
when weaving 
 [Xlint:cantFindType]
2013-05-30 21:38:30,428 ERROR [main] - System.err - [ch.epfl.insynth] error can't determine modifiers of missing type org.eclipse.jdt.internal.debug.ui.JDIModelPresentation
when processing type mungers ch.epfl.insynth.core.completion.InsynthCompletionProposalComputer
when processing type mungers 
when weaving 
 [Xlint:cantFindType]
2013-05-30 21:38:30,429 ERROR [main] - System.err - [ch.epfl.insynth] error can't determine modifiers of missing type org.eclipse.jdt.internal.debug.ui.BreakpointMarkerUpdater
when processing type mungers ch.epfl.insynth.core.completion.InsynthCompletionProposalComputer
when processing type mungers 
when weaving 
 [Xlint:cantFindType]
2013-05-30 21:38:30,430 ERROR [main] - System.err - [ch.epfl.insynth] error can't determine modifiers of missing type org.eclipse.jdt.junit.launcher.JUnitLaunchConfigurationTab
when weaving type ch.epfl.insynth.core.completion.InsynthCompletionProposalComputer
when weaving classes 
when weaving 
 [Xlint:cantFindType]
2013-05-30 21:38:30,430 ERROR [main] - System.err - [ch.epfl.insynth] error can't determine modifiers of missing type org.eclipse.debug.core.sourcelookup.AbstractSourceLookupDirector
when weaving type ch.epfl.insynth.core.completion.InsynthCompletionProposalComputer
when weaving classes 
when weaving 
 [Xlint:cantFindType]
2013-05-30 21:38:30,431 ERROR [main] - System.err - [ch.epfl.insynth] error can't determine modifiers of missing type org.eclipse.pde.internal.ui.wizards.imports.PluginImportHelper
when weaving type ch.epfl.insynth.core.completion.InsynthCompletionProposalComputer
when weaving classes 
when weaving 
 [Xlint:cantFindType]
2013-05-30 21:38:30,431 ERROR [main] - System.err - [ch.epfl.insynth] error can't determine modifiers of missing type org.eclipse.jdt.internal.debug.ui.JDIModelPresentation
when weaving type ch.epfl.insynth.core.completion.InsynthCompletionProposalComputer
when weaving classes 
when weaving 
 [Xlint:cantFindType]
2013-05-30 21:38:30,431 ERROR [main] - System.err - [ch.epfl.insynth] error can't determine modifiers of missing type org.eclipse.jdt.internal.debug.ui.BreakpointMarkerUpdater
when weaving type ch.epfl.insynth.core.completion.InsynthCompletionProposalComputer
when weaving classes 
when weaving 
 [Xlint:cantFindType]
2013-05-30 21:38:30,432 ERROR [main] - System.err - [ch.epfl.insynth] error can't determine modifiers of missing type org.eclipse.jdt.internal.launching.JavaLaunchableTester
when weaving type ch.epfl.insynth.core.completion.InsynthCompletionProposalComputer
when weaving classes 
when weaving 
 [Xlint:cantFindType]
2013-05-30 21:38:30,432 ERROR [main] - System.err - [ch.epfl.insynth] error can't determine modifiers of missing type org.eclipse.jdt.internal.launching.JavaLaunchableTester
when weaving type ch.epfl.insynth.core.completion.InsynthCompletionProposalComputer
when weaving classes 
when weaving 
 [Xlint:cantFindType]
2013-06-04 22:05:36,058 ERROR [main] - System.err - [ch.epfl.insynth] error can't determine modifiers of missing type org.eclipse.jdt.internal.junit.launcher.TestKind
when processing type mungers ch.epfl.insynth.core.completion.InsynthCompletionProposalComputer
when processing type mungers 
when weaving 
 [Xlint:cantFindType]
2013-06-04 22:05:36,069 ERROR [main] - System.err - [ch.epfl.insynth] error can't determine modifiers of missing type org.eclipse.ui.wizards.datatransfer.IImportStructureProvider
when processing type mungers ch.epfl.insynth.core.completion.InsynthCompletionProposalComputer
when processing type mungers 
when weaving 
 [Xlint:cantFindType]
2013-06-04 22:05:36,070 ERROR [main] - System.err - [ch.epfl.insynth] error can't determine modifiers of missing type org.eclipse.jdt.internal.debug.ui.JDIModelPresentation
when processing type mungers ch.epfl.insynth.core.completion.InsynthCompletionProposalComputer
when processing type mungers 
when weaving 
 [Xlint:cantFindType]
2013-06-04 22:05:36,071 ERROR [main] - System.err - [ch.epfl.insynth] error can't determine modifiers of missing type org.eclipse.jdt.internal.debug.ui.BreakpointMarkerUpdater
when processing type mungers ch.epfl.insynth.core.completion.InsynthCompletionProposalComputer
when processing type mungers 
when weaving 
 [Xlint:cantFindType]
2013-06-04 22:05:36,072 ERROR [main] - System.err - [ch.epfl.insynth] error can't determine modifiers of missing type org.eclipse.jdt.junit.launcher.JUnitLaunchConfigurationTab
when weaving type ch.epfl.insynth.core.completion.InsynthCompletionProposalComputer
when weaving classes 
when weaving 
 [Xlint:cantFindType]
2013-06-04 22:05:36,072 ERROR [main] - System.err - [ch.epfl.insynth] error can't determine modifiers of missing type org.eclipse.debug.core.sourcelookup.AbstractSourceLookupDirector
when weaving type ch.epfl.insynth.core.completion.InsynthCompletionProposalComputer
when weaving classes 
when weaving 
 [Xlint:cantFindType]
2013-06-04 22:05:36,073 ERROR [main] - System.err - [ch.epfl.insynth] error can't determine modifiers of missing type org.eclipse.pde.internal.ui.wizards.imports.PluginImportHelper
when weaving type ch.epfl.insynth.core.completion.InsynthCompletionProposalComputer
when weaving classes 
when weaving 
 [Xlint:cantFindType]
2013-06-04 22:05:36,073 ERROR [main] - System.err - [ch.epfl.insynth] error can't determine modifiers of missing type org.eclipse.jdt.internal.debug.ui.JDIModelPresentation
when weaving type ch.epfl.insynth.core.completion.InsynthCompletionProposalComputer
when weaving classes 
when weaving 
 [Xlint:cantFindType]
2013-06-04 22:05:36,074 ERROR [main] - System.err - [ch.epfl.insynth] error can't determine modifiers of missing type org.eclipse.jdt.internal.debug.ui.BreakpointMarkerUpdater
when weaving type ch.epfl.insynth.core.completion.InsynthCompletionProposalComputer
when weaving classes 
when weaving 
 [Xlint:cantFindType]
2013-06-04 22:05:36,074 ERROR [main] - System.err - [ch.epfl.insynth] error can't determine modifiers of missing type org.eclipse.jdt.internal.launching.JavaLaunchableTester
when weaving type ch.epfl.insynth.core.completion.InsynthCompletionProposalComputer
when weaving classes 
when weaving 
 [Xlint:cantFindType]
2013-06-04 22:05:36,074 ERROR [main] - System.err - [ch.epfl.insynth] error can't determine modifiers of missing type org.eclipse.jdt.internal.launching.JavaLaunchableTester
when weaving type ch.epfl.insynth.core.completion.InsynthCompletionProposalComputer
when weaving classes 
when weaving 
 [Xlint:cantFindType]
2013-06-04 23:36:37,492 ERROR [main] - System.err - [ch.epfl.insynth] error can't determine modifiers of missing type org.eclipse.jdt.internal.junit.launcher.TestKind
when processing type mungers ch.epfl.insynth.core.completion.InsynthCompletionProposalComputer
when processing type mungers 
when weaving 
 [Xlint:cantFindType]
2013-06-04 23:36:37,502 ERROR [main] - System.err - [ch.epfl.insynth] error can't determine modifiers of missing type org.eclipse.ui.wizards.datatransfer.IImportStructureProvider
when processing type mungers ch.epfl.insynth.core.completion.InsynthCompletionProposalComputer
when processing type mungers 
when weaving 
 [Xlint:cantFindType]
2013-06-04 23:36:37,503 ERROR [main] - System.err - [ch.epfl.insynth] error can't determine modifiers of missing type org.eclipse.jdt.internal.debug.ui.JDIModelPresentation
when processing type mungers ch.epfl.insynth.core.completion.InsynthCompletionProposalComputer
when processing type mungers 
when weaving 
 [Xlint:cantFindType]
2013-06-04 23:36:37,503 ERROR [main] - System.err - [ch.epfl.insynth] error can't determine modifiers of missing type org.eclipse.jdt.internal.debug.ui.BreakpointMarkerUpdater
when processing type mungers ch.epfl.insynth.core.completion.InsynthCompletionProposalComputer
when processing type mungers 
when weaving 
 [Xlint:cantFindType]
2013-06-04 23:36:37,504 ERROR [main] - System.err - [ch.epfl.insynth] error can't determine modifiers of missing type org.eclipse.jdt.junit.launcher.JUnitLaunchConfigurationTab
when weaving type ch.epfl.insynth.core.completion.InsynthCompletionProposalComputer
when weaving classes 
when weaving 
 [Xlint:cantFindType]
2013-06-04 23:36:37,505 ERROR [main] - System.err - [ch.epfl.insynth] error can't determine modifiers of missing type org.eclipse.debug.core.sourcelookup.AbstractSourceLookupDirector
when weaving type ch.epfl.insynth.core.completion.InsynthCompletionProposalComputer
when weaving classes 
when weaving 
 [Xlint:cantFindType]
2013-06-04 23:36:37,506 ERROR [main] - System.err - [ch.epfl.insynth] error can't determine modifiers of missing type org.eclipse.pde.internal.ui.wizards.imports.PluginImportHelper
when weaving type ch.epfl.insynth.core.completion.InsynthCompletionProposalComputer
when weaving classes 
when weaving 
 [Xlint:cantFindType]
2013-06-04 23:36:37,506 ERROR [main] - System.err - [ch.epfl.insynth] error can't determine modifiers of missing type org.eclipse.jdt.internal.debug.ui.JDIModelPresentation
when weaving type ch.epfl.insynth.core.completion.InsynthCompletionProposalComputer
when weaving classes 
when weaving 
 [Xlint:cantFindType]
2013-06-04 23:36:37,506 ERROR [main] - System.err - [ch.epfl.insynth] error can't determine modifiers of missing type org.eclipse.jdt.internal.debug.ui.BreakpointMarkerUpdater
when weaving type ch.epfl.insynth.core.completion.InsynthCompletionProposalComputer
when weaving classes 
when weaving 
 [Xlint:cantFindType]
2013-06-04 23:36:37,507 ERROR [main] - System.err - [ch.epfl.insynth] error can't determine modifiers of missing type org.eclipse.jdt.internal.launching.JavaLaunchableTester
when weaving type ch.epfl.insynth.core.completion.InsynthCompletionProposalComputer
when weaving classes 
when weaving 
 [Xlint:cantFindType]
2013-06-04 23:36:37,507 ERROR [main] - System.err - [ch.epfl.insynth] error can't determine modifiers of missing type org.eclipse.jdt.internal.launching.JavaLaunchableTester
when weaving type ch.epfl.insynth.core.completion.InsynthCompletionProposalComputer
when weaving classes 
when weaving 
 [Xlint:cantFindType]
2013-06-05 20:58:58,045 ERROR [main] - System.err - [ch.epfl.insynth] error can't determine modifiers of missing type org.eclipse.jdt.internal.junit.launcher.TestKind
when processing type mungers ch.epfl.insynth.core.completion.InsynthCompletionProposalComputer
when processing type mungers 
when weaving 
 [Xlint:cantFindType]
2013-06-05 20:58:58,057 ERROR [main] - System.err - [ch.epfl.insynth] error can't determine modifiers of missing type org.eclipse.ui.wizards.datatransfer.IImportStructureProvider
when processing type mungers ch.epfl.insynth.core.completion.InsynthCompletionProposalComputer
when processing type mungers 
when weaving 
 [Xlint:cantFindType]
2013-06-05 20:58:58,058 ERROR [main] - System.err - [ch.epfl.insynth] error can't determine modifiers of missing type org.eclipse.jdt.internal.debug.ui.JDIModelPresentation
when processing type mungers ch.epfl.insynth.core.completion.InsynthCompletionProposalComputer
when processing type mungers 
when weaving 
 [Xlint:cantFindType]
2013-06-05 20:58:58,058 ERROR [main] - System.err - [ch.epfl.insynth] error can't determine modifiers of missing type org.eclipse.jdt.internal.debug.ui.BreakpointMarkerUpdater
when processing type mungers ch.epfl.insynth.core.completion.InsynthCompletionProposalComputer
when processing type mungers 
when weaving 
 [Xlint:cantFindType]
2013-06-05 20:58:58,060 ERROR [main] - System.err - [ch.epfl.insynth] error can't determine modifiers of missing type org.eclipse.jdt.junit.launcher.JUnitLaunchConfigurationTab
when weaving type ch.epfl.insynth.core.completion.InsynthCompletionProposalComputer
when weaving classes 
when weaving 
 [Xlint:cantFindType]
2013-06-05 20:58:58,060 ERROR [main] - System.err - [ch.epfl.insynth] error can't determine modifiers of missing type org.eclipse.debug.core.sourcelookup.AbstractSourceLookupDirector
when weaving type ch.epfl.insynth.core.completion.InsynthCompletionProposalComputer
when weaving classes 
when weaving 
 [Xlint:cantFindType]
2013-06-05 20:58:58,061 ERROR [main] - System.err - [ch.epfl.insynth] error can't determine modifiers of missing type org.eclipse.pde.internal.ui.wizards.imports.PluginImportHelper
when weaving type ch.epfl.insynth.core.completion.InsynthCompletionProposalComputer
when weaving classes 
when weaving 
 [Xlint:cantFindType]
2013-06-05 20:58:58,062 ERROR [main] - System.err - [ch.epfl.insynth] error can't determine modifiers of missing type org.eclipse.jdt.internal.debug.ui.JDIModelPresentation
when weaving type ch.epfl.insynth.core.completion.InsynthCompletionProposalComputer
when weaving classes 
when weaving 
 [Xlint:cantFindType]
2013-06-05 20:58:58,062 ERROR [main] - System.err - [ch.epfl.insynth] error can't determine modifiers of missing type org.eclipse.jdt.internal.debug.ui.BreakpointMarkerUpdater
when weaving type ch.epfl.insynth.core.completion.InsynthCompletionProposalComputer
when weaving classes 
when weaving 
 [Xlint:cantFindType]
2013-06-05 20:58:58,062 ERROR [main] - System.err - [ch.epfl.insynth] error can't determine modifiers of missing type org.eclipse.jdt.internal.launching.JavaLaunchableTester
when weaving type ch.epfl.insynth.core.completion.InsynthCompletionProposalComputer
when weaving classes 
when weaving 
 [Xlint:cantFindType]
2013-06-05 20:58:58,063 ERROR [main] - System.err - [ch.epfl.insynth] error can't determine modifiers of missing type org.eclipse.jdt.internal.launching.JavaLaunchableTester
when weaving type ch.epfl.insynth.core.completion.InsynthCompletionProposalComputer
when weaving classes 
when weaving 
 [Xlint:cantFindType]
2013-06-06 23:41:48,887 ERROR [main] - System.err - [ch.epfl.insynth] error can't determine modifiers of missing type org.eclipse.jdt.internal.junit.launcher.TestKind
when processing type mungers ch.epfl.insynth.core.completion.InsynthCompletionProposalComputer
when processing type mungers 
when weaving 
 [Xlint:cantFindType]
2013-06-06 23:41:48,918 ERROR [main] - System.err - [ch.epfl.insynth] error can't determine modifiers of missing type org.eclipse.ui.wizards.datatransfer.IImportStructureProvider
when processing type mungers ch.epfl.insynth.core.completion.InsynthCompletionProposalComputer
when processing type mungers 
when weaving 
 [Xlint:cantFindType]
2013-06-06 23:41:48,918 ERROR [main] - System.err - [ch.epfl.insynth] error can't determine modifiers of missing type org.eclipse.jdt.internal.debug.ui.JDIModelPresentation
when processing type mungers ch.epfl.insynth.core.completion.InsynthCompletionProposalComputer
when processing type mungers 
when weaving 
 [Xlint:cantFindType]
2013-06-06 23:41:48,919 ERROR [main] - System.err - [ch.epfl.insynth] error can't determine modifiers of missing type org.eclipse.jdt.internal.debug.ui.BreakpointMarkerUpdater
when processing type mungers ch.epfl.insynth.core.completion.InsynthCompletionProposalComputer
when processing type mungers 
when weaving 
 [Xlint:cantFindType]
2013-06-06 23:41:48,920 ERROR [main] - System.err - [ch.epfl.insynth] error can't determine modifiers of missing type org.eclipse.jdt.junit.launcher.JUnitLaunchConfigurationTab
when weaving type ch.epfl.insynth.core.completion.InsynthCompletionProposalComputer
when weaving classes 
when weaving 
 [Xlint:cantFindType]
2013-06-06 23:41:48,920 ERROR [main] - System.err - [ch.epfl.insynth] error can't determine modifiers of missing type org.eclipse.debug.core.sourcelookup.AbstractSourceLookupDirector
when weaving type ch.epfl.insynth.core.completion.InsynthCompletionProposalComputer
when weaving classes 
when weaving 
 [Xlint:cantFindType]
2013-06-06 23:41:48,921 ERROR [main] - System.err - [ch.epfl.insynth] error can't determine modifiers of missing type org.eclipse.pde.internal.ui.wizards.imports.PluginImportHelper
when weaving type ch.epfl.insynth.core.completion.InsynthCompletionProposalComputer
when weaving classes 
when weaving 
 [Xlint:cantFindType]
2013-06-06 23:41:48,921 ERROR [main] - System.err - [ch.epfl.insynth] error can't determine modifiers of missing type org.eclipse.jdt.internal.debug.ui.JDIModelPresentation
when weaving type ch.epfl.insynth.core.completion.InsynthCompletionProposalComputer
when weaving classes 
when weaving 
 [Xlint:cantFindType]
2013-06-06 23:41:48,922 ERROR [main] - System.err - [ch.epfl.insynth] error can't determine modifiers of missing type org.eclipse.jdt.internal.debug.ui.BreakpointMarkerUpdater
when weaving type ch.epfl.insynth.core.completion.InsynthCompletionProposalComputer
when weaving classes 
when weaving 
 [Xlint:cantFindType]
2013-06-06 23:41:48,922 ERROR [main] - System.err - [ch.epfl.insynth] error can't determine modifiers of missing type org.eclipse.jdt.internal.launching.JavaLaunchableTester
when weaving type ch.epfl.insynth.core.completion.InsynthCompletionProposalComputer
when weaving classes 
when weaving 
 [Xlint:cantFindType]
2013-06-06 23:41:48,922 ERROR [main] - System.err - [ch.epfl.insynth] error can't determine modifiers of missing type org.eclipse.jdt.internal.launching.JavaLaunchableTester
when weaving type ch.epfl.insynth.core.completion.InsynthCompletionProposalComputer
when weaving classes 
when weaving 
 [Xlint:cantFindType]
2013-06-09 22:47:58,578 ERROR [main] - System.err - [ch.epfl.insynth] error can't determine modifiers of missing type org.eclipse.jdt.internal.junit.launcher.TestKind
when processing type mungers ch.epfl.insynth.core.completion.InsynthCompletionProposalComputer
when processing type mungers 
when weaving 
 [Xlint:cantFindType]
2013-06-09 22:47:58,589 ERROR [main] - System.err - [ch.epfl.insynth] error can't determine modifiers of missing type org.eclipse.ui.wizards.datatransfer.IImportStructureProvider
when processing type mungers ch.epfl.insynth.core.completion.InsynthCompletionProposalComputer
when processing type mungers 
when weaving 
 [Xlint:cantFindType]
2013-06-09 22:47:58,590 ERROR [main] - System.err - [ch.epfl.insynth] error can't determine modifiers of missing type org.eclipse.jdt.internal.debug.ui.JDIModelPresentation
when processing type mungers ch.epfl.insynth.core.completion.InsynthCompletionProposalComputer
when processing type mungers 
when weaving 
 [Xlint:cantFindType]
2013-06-09 22:47:58,590 ERROR [main] - System.err - [ch.epfl.insynth] error can't determine modifiers of missing type org.eclipse.jdt.internal.debug.ui.BreakpointMarkerUpdater
when processing type mungers ch.epfl.insynth.core.completion.InsynthCompletionProposalComputer
when processing type mungers 
when weaving 
 [Xlint:cantFindType]
2013-06-09 22:47:58,591 ERROR [main] - System.err - [ch.epfl.insynth] error can't determine modifiers of missing type org.eclipse.jdt.junit.launcher.JUnitLaunchConfigurationTab
when weaving type ch.epfl.insynth.core.completion.InsynthCompletionProposalComputer
when weaving classes 
when weaving 
 [Xlint:cantFindType]
2013-06-09 22:47:58,591 ERROR [main] - System.err - [ch.epfl.insynth] error can't determine modifiers of missing type org.eclipse.debug.core.sourcelookup.AbstractSourceLookupDirector
when weaving type ch.epfl.insynth.core.completion.InsynthCompletionProposalComputer
when weaving classes 
when weaving 
 [Xlint:cantFindType]
2013-06-09 22:47:58,592 ERROR [main] - System.err - [ch.epfl.insynth] error can't determine modifiers of missing type org.eclipse.pde.internal.ui.wizards.imports.PluginImportHelper
when weaving type ch.epfl.insynth.core.completion.InsynthCompletionProposalComputer
when weaving classes 
when weaving 
 [Xlint:cantFindType]
2013-06-09 22:47:58,592 ERROR [main] - System.err - [ch.epfl.insynth] error can't determine modifiers of missing type org.eclipse.jdt.internal.debug.ui.JDIModelPresentation
when weaving type ch.epfl.insynth.core.completion.InsynthCompletionProposalComputer
when weaving classes 
when weaving 
 [Xlint:cantFindType]
2013-06-09 22:47:58,593 ERROR [main] - System.err - [ch.epfl.insynth] error can't determine modifiers of missing type org.eclipse.jdt.internal.debug.ui.BreakpointMarkerUpdater
when weaving type ch.epfl.insynth.core.completion.InsynthCompletionProposalComputer
when weaving classes 
when weaving 
 [Xlint:cantFindType]
2013-06-09 22:47:58,593 ERROR [main] - System.err - [ch.epfl.insynth] error can't determine modifiers of missing type org.eclipse.jdt.internal.launching.JavaLaunchableTester
when weaving type ch.epfl.insynth.core.completion.InsynthCompletionProposalComputer
when weaving classes 
when weaving 
 [Xlint:cantFindType]
2013-06-09 22:47:58,593 ERROR [main] - System.err - [ch.epfl.insynth] error can't determine modifiers of missing type org.eclipse.jdt.internal.launching.JavaLaunchableTester
when weaving type ch.epfl.insynth.core.completion.InsynthCompletionProposalComputer
when weaving classes 
when weaving 
 [Xlint:cantFindType]
2013-06-10 00:01:17,968 ERROR [main] - System.err - [ch.epfl.insynth] error can't determine modifiers of missing type org.eclipse.jdt.internal.junit.launcher.TestKind
when processing type mungers ch.epfl.insynth.core.completion.InsynthCompletionProposalComputer
when processing type mungers 
when weaving 
 [Xlint:cantFindType]
2013-06-10 00:01:17,970 ERROR [main] - System.err - [ch.epfl.insynth] error can't determine modifiers of missing type org.eclipse.ui.wizards.datatransfer.IImportStructureProvider
when processing type mungers ch.epfl.insynth.core.completion.InsynthCompletionProposalComputer
when processing type mungers 
when weaving 
 [Xlint:cantFindType]
2013-06-10 00:01:17,970 ERROR [main] - System.err - [ch.epfl.insynth] error can't determine modifiers of missing type org.eclipse.jdt.internal.debug.ui.JDIModelPresentation
when processing type mungers ch.epfl.insynth.core.completion.InsynthCompletionProposalComputer
when processing type mungers 
when weaving 
 [Xlint:cantFindType]
2013-06-10 00:01:17,971 ERROR [main] - System.err - [ch.epfl.insynth] error can't determine modifiers of missing type org.eclipse.jdt.internal.debug.ui.BreakpointMarkerUpdater
when processing type mungers ch.epfl.insynth.core.completion.InsynthCompletionProposalComputer
when processing type mungers 
when weaving 
 [Xlint:cantFindType]
2013-06-10 00:01:17,972 ERROR [main] - System.err - [ch.epfl.insynth] error can't determine modifiers of missing type org.eclipse.jdt.junit.launcher.JUnitLaunchConfigurationTab
when weaving type ch.epfl.insynth.core.completion.InsynthCompletionProposalComputer
when weaving classes 
when weaving 
 [Xlint:cantFindType]
2013-06-10 00:01:17,972 ERROR [main] - System.err - [ch.epfl.insynth] error can't determine modifiers of missing type org.eclipse.debug.core.sourcelookup.AbstractSourceLookupDirector
when weaving type ch.epfl.insynth.core.completion.InsynthCompletionProposalComputer
when weaving classes 
when weaving 
 [Xlint:cantFindType]
2013-06-10 00:01:17,972 ERROR [main] - System.err - [ch.epfl.insynth] error can't determine modifiers of missing type org.eclipse.pde.internal.ui.wizards.imports.PluginImportHelper
when weaving type ch.epfl.insynth.core.completion.InsynthCompletionProposalComputer
when weaving classes 
when weaving 
 [Xlint:cantFindType]
2013-06-10 00:01:17,973 ERROR [main] - System.err - [ch.epfl.insynth] error can't determine modifiers of missing type org.eclipse.jdt.internal.debug.ui.JDIModelPresentation
when weaving type ch.epfl.insynth.core.completion.InsynthCompletionProposalComputer
when weaving classes 
when weaving 
 [Xlint:cantFindType]
2013-06-10 00:01:17,973 ERROR [main] - System.err - [ch.epfl.insynth] error can't determine modifiers of missing type org.eclipse.jdt.internal.debug.ui.BreakpointMarkerUpdater
when weaving type ch.epfl.insynth.core.completion.InsynthCompletionProposalComputer
when weaving classes 
when weaving 
 [Xlint:cantFindType]
2013-06-10 00:01:17,973 ERROR [main] - System.err - [ch.epfl.insynth] error can't determine modifiers of missing type org.eclipse.jdt.internal.launching.JavaLaunchableTester
when weaving type ch.epfl.insynth.core.completion.InsynthCompletionProposalComputer
when weaving classes 
when weaving 
 [Xlint:cantFindType]
2013-06-10 00:01:17,973 ERROR [main] - System.err - [ch.epfl.insynth] error can't determine modifiers of missing type org.eclipse.jdt.internal.launching.JavaLaunchableTester
when weaving type ch.epfl.insynth.core.completion.InsynthCompletionProposalComputer
when weaving classes 
when weaving 
 [Xlint:cantFindType]
2013-06-10 19:39:14,852 ERROR [main] - System.err - [ch.epfl.insynth] error can't determine modifiers of missing type org.eclipse.jdt.internal.junit.launcher.TestKind
when processing type mungers ch.epfl.insynth.core.completion.InsynthCompletionProposalComputer
when processing type mungers 
when weaving 
 [Xlint:cantFindType]
2013-06-10 19:39:14,881 ERROR [main] - System.err - [ch.epfl.insynth] error can't determine modifiers of missing type org.eclipse.ui.wizards.datatransfer.IImportStructureProvider
when processing type mungers ch.epfl.insynth.core.completion.InsynthCompletionProposalComputer
when processing type mungers 
when weaving 
 [Xlint:cantFindType]
2013-06-10 19:39:14,882 ERROR [main] - System.err - [ch.epfl.insynth] error can't determine modifiers of missing type org.eclipse.jdt.internal.debug.ui.JDIModelPresentation
when processing type mungers ch.epfl.insynth.core.completion.InsynthCompletionProposalComputer
when processing type mungers 
when weaving 
 [Xlint:cantFindType]
2013-06-10 19:39:14,883 ERROR [main] - System.err - [ch.epfl.insynth] error can't determine modifiers of missing type org.eclipse.jdt.internal.debug.ui.BreakpointMarkerUpdater
when processing type mungers ch.epfl.insynth.core.completion.InsynthCompletionProposalComputer
when processing type mungers 
when weaving 
 [Xlint:cantFindType]
2013-06-10 19:39:14,884 ERROR [main] - System.err - [ch.epfl.insynth] error can't determine modifiers of missing type org.eclipse.jdt.junit.launcher.JUnitLaunchConfigurationTab
when weaving type ch.epfl.insynth.core.completion.InsynthCompletionProposalComputer
when weaving classes 
when weaving 
 [Xlint:cantFindType]
2013-06-10 19:39:14,884 ERROR [main] - System.err - [ch.epfl.insynth] error can't determine modifiers of missing type org.eclipse.debug.core.sourcelookup.AbstractSourceLookupDirector
when weaving type ch.epfl.insynth.core.completion.InsynthCompletionProposalComputer
when weaving classes 
when weaving 
 [Xlint:cantFindType]
2013-06-10 19:39:14,884 ERROR [main] - System.err - [ch.epfl.insynth] error can't determine modifiers of missing type org.eclipse.pde.internal.ui.wizards.imports.PluginImportHelper
when weaving type ch.epfl.insynth.core.completion.InsynthCompletionProposalComputer
when weaving classes 
when weaving 
 [Xlint:cantFindType]
2013-06-10 19:39:14,885 ERROR [main] - System.err - [ch.epfl.insynth] error can't determine modifiers of missing type org.eclipse.jdt.internal.debug.ui.JDIModelPresentation
when weaving type ch.epfl.insynth.core.completion.InsynthCompletionProposalComputer
when weaving classes 
when weaving 
 [Xlint:cantFindType]
2013-06-10 19:39:14,885 ERROR [main] - System.err - [ch.epfl.insynth] error can't determine modifiers of missing type org.eclipse.jdt.internal.debug.ui.BreakpointMarkerUpdater
when weaving type ch.epfl.insynth.core.completion.InsynthCompletionProposalComputer
when weaving classes 
when weaving 
 [Xlint:cantFindType]
2013-06-10 19:39:14,885 ERROR [main] - System.err - [ch.epfl.insynth] error can't determine modifiers of missing type org.eclipse.jdt.internal.launching.JavaLaunchableTester
when weaving type ch.epfl.insynth.core.completion.InsynthCompletionProposalComputer
when weaving classes 
when weaving 
 [Xlint:cantFindType]
2013-06-10 19:39:14,885 ERROR [main] - System.err - [ch.epfl.insynth] error can't determine modifiers of missing type org.eclipse.jdt.internal.launching.JavaLaunchableTester
when weaving type ch.epfl.insynth.core.completion.InsynthCompletionProposalComputer
when weaving classes 
when weaving 
 [Xlint:cantFindType]
2013-06-12 22:23:03,239 ERROR [main] - System.err - [ch.epfl.insynth] error can't determine modifiers of missing type org.eclipse.jdt.internal.junit.launcher.TestKind
when processing type mungers ch.epfl.insynth.core.completion.InsynthCompletionProposalComputer
when processing type mungers 
when weaving 
 [Xlint:cantFindType]
2013-06-12 22:23:03,263 ERROR [main] - System.err - [ch.epfl.insynth] error can't determine modifiers of missing type org.eclipse.ui.wizards.datatransfer.IImportStructureProvider
when processing type mungers ch.epfl.insynth.core.completion.InsynthCompletionProposalComputer
when processing type mungers 
when weaving 
 [Xlint:cantFindType]
2013-06-12 22:23:03,264 ERROR [main] - System.err - [ch.epfl.insynth] error can't determine modifiers of missing type org.eclipse.jdt.internal.debug.ui.JDIModelPresentation
when processing type mungers ch.epfl.insynth.core.completion.InsynthCompletionProposalComputer
when processing type mungers 
when weaving 
 [Xlint:cantFindType]
2013-06-12 22:23:03,264 ERROR [main] - System.err - [ch.epfl.insynth] error can't determine modifiers of missing type org.eclipse.jdt.internal.debug.ui.BreakpointMarkerUpdater
when processing type mungers ch.epfl.insynth.core.completion.InsynthCompletionProposalComputer
when processing type mungers 
when weaving 
 [Xlint:cantFindType]
2013-06-12 22:23:03,266 ERROR [main] - System.err - [ch.epfl.insynth] error can't determine modifiers of missing type org.eclipse.jdt.junit.launcher.JUnitLaunchConfigurationTab
when weaving type ch.epfl.insynth.core.completion.InsynthCompletionProposalComputer
when weaving classes 
when weaving 
 [Xlint:cantFindType]
2013-06-12 22:23:03,267 ERROR [main] - System.err - [ch.epfl.insynth] error can't determine modifiers of missing type org.eclipse.debug.core.sourcelookup.AbstractSourceLookupDirector
when weaving type ch.epfl.insynth.core.completion.InsynthCompletionProposalComputer
when weaving classes 
when weaving 
 [Xlint:cantFindType]
2013-06-12 22:23:03,268 ERROR [main] - System.err - [ch.epfl.insynth] error can't determine modifiers of missing type org.eclipse.pde.internal.ui.wizards.imports.PluginImportHelper
when weaving type ch.epfl.insynth.core.completion.InsynthCompletionProposalComputer
when weaving classes 
when weaving 
 [Xlint:cantFindType]
2013-06-12 22:23:03,269 ERROR [main] - System.err - [ch.epfl.insynth] error can't determine modifiers of missing type org.eclipse.jdt.internal.debug.ui.JDIModelPresentation
when weaving type ch.epfl.insynth.core.completion.InsynthCompletionProposalComputer
when weaving classes 
when weaving 
 [Xlint:cantFindType]
2013-06-12 22:23:03,269 ERROR [main] - System.err - [ch.epfl.insynth] error can't determine modifiers of missing type org.eclipse.jdt.internal.debug.ui.BreakpointMarkerUpdater
when weaving type ch.epfl.insynth.core.completion.InsynthCompletionProposalComputer
when weaving classes 
when weaving 
 [Xlint:cantFindType]
2013-06-12 22:23:03,270 ERROR [main] - System.err - [ch.epfl.insynth] error can't determine modifiers of missing type org.eclipse.jdt.internal.launching.JavaLaunchableTester
when weaving type ch.epfl.insynth.core.completion.InsynthCompletionProposalComputer
when weaving classes 
when weaving 
 [Xlint:cantFindType]
2013-06-12 22:23:03,270 ERROR [main] - System.err - [ch.epfl.insynth] error can't determine modifiers of missing type org.eclipse.jdt.internal.launching.JavaLaunchableTester
when weaving type ch.epfl.insynth.core.completion.InsynthCompletionProposalComputer
when weaving classes 
when weaving 
 [Xlint:cantFindType]
